2025-09-14 12:00:07,493 - __main__ - INFO - Starting development server...
2025-09-14 12:00:07,529 - main - INFO - Starting PARA InfoSystem API...
2025-09-14 12:00:07,549 - database - INFO - Database schema initialized successfully
2025-09-14 12:00:07,550 - main - INFO - Database initialized successfully
2025-09-14 12:00:07,550 - main - INFO - Application startup completed successfully
2025-09-14 12:00:32,543 - main - INFO - Shutting down PARA InfoSystem API...
2025-09-14 12:00:32,544 - main - INFO - Shutdown completed
2025-09-14 12:00:42,957 - __main__ - INFO - Starting development server...
2025-09-14 12:00:42,977 - main - INFO - Starting PARA InfoSystem API...
2025-09-14 12:00:42,978 - database - INFO - Database schema initialized successfully
2025-09-14 12:00:42,978 - main - INFO - Database initialized successfully
2025-09-14 12:00:42,979 - main - INFO - Application startup completed successfully
2025-09-14 12:01:05,865 - main - INFO - Shutting down PARA InfoSystem API...
2025-09-14 12:01:05,865 - main - INFO - Shutdown completed
2025-09-14 12:02:46,073 - __main__ - INFO - Starting development server...
2025-09-14 12:02:46,088 - main - INFO - Starting PARA InfoSystem API...
2025-09-14 12:02:46,089 - database - INFO - Database schema initialized successfully
2025-09-14 12:02:46,089 - main - INFO - Database initialized successfully
2025-09-14 12:02:46,089 - main - INFO - Application startup completed successfully
2025-09-14 16:33:43,017 - main - INFO - Starting PARA InfoSystem API...
2025-09-14 16:33:43,019 - database - INFO - Database schema initialized successfully
2025-09-14 16:33:43,019 - main - INFO - Database initialized successfully
2025-09-14 16:33:43,020 - main - INFO - Application startup completed successfully
2025-09-14 16:34:31,222 - main - INFO - Starting PARA InfoSystem API...
2025-09-14 16:34:31,223 - database - INFO - Database schema initialized successfully
2025-09-14 16:34:31,223 - main - INFO - Database initialized successfully
2025-09-14 16:34:31,223 - main - INFO - Application startup completed successfully
2025-09-14 16:39:38,732 - services - INFO - Created user: testuser
2025-09-14 16:39:38,733 - routes - INFO - New user registered: testuser
2025-09-14 16:42:04,609 - main - INFO - Shutting down PARA InfoSystem API...
2025-09-14 16:42:04,610 - main - INFO - Shutdown completed
